<?xml version="1.0" encoding="UTF-8"?>
<!-- Generated by org.testng.reporters.JUnitXMLReporter -->
<testsuite hostname="Parul" ignored="4" name="Test" tests="5" failures="1" timestamp="14 Sep 2017 16:34:05 GMT" time="100.484" errors="0">
  <testcase name="printBestMatchList" time="24.07" classname="com.ebay.pagesTest.DressPageTest"/>
  <testcase name="search" time="15.1" classname="com.ebay.pagesTest.HomePageTest"/>
  <testcase name="searchData" time="7.438" classname="com.ebay.pagesTest.FashionPageTest"/>
  <testcase name="searchData" time="8.157" classname="com.ebay.pagesTest.FashionPageTest"/>
  <testcase name="searchData" time="15.206" classname="com.ebay.pagesTest.FashionPageTest">
    <failure type="java.lang.AssertionError" message="expected:&amp;lt;dress in Fashion | eBay&amp;gt; but was:&amp;lt;dress in Fashion| eBay&amp;gt;">
      <![CDATA[java.lang.AssertionError: expected:<dress in Fashion | eBay> but was:<dress in Fashion| eBay>
	at com.ebay.pagesTest.FashionPageTest.searchData(FashionPageTest.java:40)
... Removed 27 stack frames]]>
    </failure>
  </testcase> <!-- searchData -->
  <testcase name="toplistTest" time="0.0" classname="com.ebay.pagesTest.HomePageTest">
    <ignored/>
  </testcase> <!-- toplistTest -->
  <testcase name="@BeforeSuite beforeSuite" time="0.0" classname="com.ebay.base.BaseTest">
    <ignored/>
  </testcase> <!-- @BeforeSuite beforeSuite -->
  <testcase name="@BeforeSuite beforeSuite" time="0.0" classname="com.ebay.base.BaseTest">
    <ignored/>
  </testcase> <!-- @BeforeSuite beforeSuite -->
  <testcase name="checkhm" time="0.0" classname="com.ebay.pagesTest.FashionPageTest">
    <ignored/>
  </testcase> <!-- checkhm -->
</testsuite> <!-- Test -->
