<?xml version="1.0" encoding="UTF-8"?>
<testng-results skipped="0" failed="1" ignored="4" total="9" passed="4">
  <reporter-output>
  </reporter-output>
  <suite name="Suite" duration-ms="100484" started-at="2017-09-14T16:32:25Z" finished-at="2017-09-14T16:34:05Z">
    <groups>
    </groups>
    <test name="Test" duration-ms="100484" started-at="2017-09-14T16:32:25Z" finished-at="2017-09-14T16:34:05Z">
      <class name="com.ebay.pagesTest.DressPageTest">
        <test-method status="PASS" signature="beforeSuite()[pri:0, instance:com.ebay.pagesTest.DressPageTest@7cd62f43]" name="beforeSuite" is-config="true" duration-ms="447" started-at="2017-09-14T09:32:24Z" finished-at="2017-09-14T09:32:25Z">
          <reporter-output>
          </reporter-output>
        </test-method> <!-- beforeSuite -->
        <test-method status="PASS" signature="setDriver()[pri:0, instance:com.ebay.pagesTest.DressPageTest@7cd62f43]" name="setDriver" is-config="true" duration-ms="6005" started-at="2017-09-14T09:32:25Z" finished-at="2017-09-14T09:32:31Z">
          <reporter-output>
          </reporter-output>
        </test-method> <!-- setDriver -->
        <test-method status="PASS" signature="printBestMatchList()[pri:0, instance:com.ebay.pagesTest.DressPageTest@7cd62f43]" name="printBestMatchList" duration-ms="24070" started-at="2017-09-14T09:32:31Z" finished-at="2017-09-14T09:32:55Z">
          <reporter-output>
          </reporter-output>
        </test-method> <!-- printBestMatchList -->
        <test-method status="PASS" signature="closeDriver(org.testng.ITestResult)[pri:0, instance:com.ebay.pagesTest.DressPageTest@7cd62f43]" name="closeDriver" is-config="true" duration-ms="469" started-at="2017-09-14T09:32:55Z" finished-at="2017-09-14T09:32:55Z">
          <params>
            <param index="0">
              <value>
                <![CDATA[[TestResult name=printBestMatchList status=SUCCESS method=DressPageTest.printBestMatchList()[pri:0, instance:com.ebay.pagesTest.DressPageTest@7cd62f43] output={null}]]]>
              </value>
            </param>
          </params>
          <reporter-output>
          </reporter-output>
        </test-method> <!-- closeDriver -->
      </class> <!-- com.ebay.pagesTest.DressPageTest -->
      <class name="com.ebay.pagesTest.FashionPageTest">
        <test-method status="PASS" signature="setDriver()[pri:0, instance:com.ebay.pagesTest.FashionPageTest@6093dd95]" name="setDriver" is-config="true" duration-ms="4901" started-at="2017-09-14T09:33:17Z" finished-at="2017-09-14T09:33:22Z">
          <reporter-output>
          </reporter-output>
        </test-method> <!-- setDriver -->
        <test-method status="PASS" signature="searchData(java.lang.String, java.lang.String)[pri:0, instance:com.ebay.pagesTest.FashionPageTest@6093dd95]" name="searchData" duration-ms="7438" started-at="2017-09-14T09:33:22Z" data-provider="SearchData" finished-at="2017-09-14T09:33:29Z">
          <params>
            <param index="0">
              <value>
                <![CDATA[laptop]]>
              </value>
            </param>
            <param index="1">
              <value>
                <![CDATA[laptop in Fashion | eBay]]>
              </value>
            </param>
          </params>
          <reporter-output>
          </reporter-output>
        </test-method> <!-- searchData -->
        <test-method status="PASS" signature="closeDriver(org.testng.ITestResult)[pri:0, instance:com.ebay.pagesTest.FashionPageTest@6093dd95]" name="closeDriver" is-config="true" duration-ms="595" started-at="2017-09-14T09:33:29Z" finished-at="2017-09-14T09:33:30Z">
          <params>
            <param index="0">
              <value>
                <![CDATA[[TestResult name=searchData status=SUCCESS method=FashionPageTest.searchData(java.lang.String, java.lang.String)[pri:0, instance:com.ebay.pagesTest.FashionPageTest@6093dd95] output={null}]]]>
              </value>
            </param>
          </params>
          <reporter-output>
          </reporter-output>
        </test-method> <!-- closeDriver -->
        <test-method status="PASS" signature="setDriver()[pri:0, instance:com.ebay.pagesTest.FashionPageTest@6093dd95]" name="setDriver" is-config="true" duration-ms="4754" started-at="2017-09-14T09:33:30Z" finished-at="2017-09-14T09:33:35Z">
          <reporter-output>
          </reporter-output>
        </test-method> <!-- setDriver -->
        <test-method status="PASS" signature="searchData(java.lang.String, java.lang.String)[pri:0, instance:com.ebay.pagesTest.FashionPageTest@6093dd95]" name="searchData" duration-ms="8157" started-at="2017-09-14T09:33:35Z" data-provider="SearchData" finished-at="2017-09-14T09:33:43Z">
          <params>
            <param index="0">
              <value>
                <![CDATA[lamp]]>
              </value>
            </param>
            <param index="1">
              <value>
                <![CDATA[lamp in Fashion | eBay]]>
              </value>
            </param>
          </params>
          <reporter-output>
          </reporter-output>
        </test-method> <!-- searchData -->
        <test-method status="PASS" signature="closeDriver(org.testng.ITestResult)[pri:0, instance:com.ebay.pagesTest.FashionPageTest@6093dd95]" name="closeDriver" is-config="true" duration-ms="669" started-at="2017-09-14T09:33:43Z" finished-at="2017-09-14T09:33:44Z">
          <params>
            <param index="0">
              <value>
                <![CDATA[[TestResult name=searchData status=SUCCESS method=FashionPageTest.searchData(java.lang.String, java.lang.String)[pri:0, instance:com.ebay.pagesTest.FashionPageTest@6093dd95] output={null}]]]>
              </value>
            </param>
          </params>
          <reporter-output>
          </reporter-output>
        </test-method> <!-- closeDriver -->
        <test-method status="PASS" signature="setDriver()[pri:0, instance:com.ebay.pagesTest.FashionPageTest@6093dd95]" name="setDriver" is-config="true" duration-ms="5226" started-at="2017-09-14T09:33:44Z" finished-at="2017-09-14T09:33:49Z">
          <reporter-output>
          </reporter-output>
        </test-method> <!-- setDriver -->
        <test-method status="FAIL" signature="searchData(java.lang.String, java.lang.String)[pri:0, instance:com.ebay.pagesTest.FashionPageTest@6093dd95]" name="searchData" duration-ms="15206" started-at="2017-09-14T09:33:49Z" data-provider="SearchData" finished-at="2017-09-14T09:34:04Z">
          <params>
            <param index="0">
              <value>
                <![CDATA[dress]]>
              </value>
            </param>
            <param index="1">
              <value>
                <![CDATA[dress in Fashion| eBay]]>
              </value>
            </param>
          </params>
          <exception class="java.lang.AssertionError">
            <message>
              <![CDATA[expected:<dress in Fashion | eBay> but was:<dress in Fashion| eBay>]]>
            </message>
            <full-stacktrace>
              <![CDATA[java.lang.AssertionError: expected:<dress in Fashion | eBay> but was:<dress in Fashion| eBay>
	at org.testng.AssertJUnit.assertEquals(AssertJUnit.java:101)
	at org.testng.AssertJUnit.assertEquals(AssertJUnit.java:108)
	at com.ebay.pagesTest.FashionPageTest.searchData(FashionPageTest.java:40)
	at sun.reflect.NativeMethodAccessorImpl.invoke0(Native Method)
	at sun.reflect.NativeMethodAccessorImpl.invoke(NativeMethodAccessorImpl.java:62)
	at sun.reflect.DelegatingMethodAccessorImpl.invoke(DelegatingMethodAccessorImpl.java:43)
	at java.lang.reflect.Method.invoke(Method.java:498)
	at org.testng.internal.MethodInvocationHelper.invokeMethod(MethodInvocationHelper.java:104)
	at org.testng.internal.Invoker.invokeMethod(Invoker.java:645)
	at org.testng.internal.Invoker.invokeTestMethod(Invoker.java:851)
	at org.testng.internal.Invoker.invokeTestMethods(Invoker.java:1177)
	at org.testng.internal.TestMethodWorker.invokeTestMethods(TestMethodWorker.java:129)
	at org.testng.internal.TestMethodWorker.run(TestMethodWorker.java:112)
	at org.testng.TestRunner.privateRun(TestRunner.java:756)
	at org.testng.TestRunner.run(TestRunner.java:610)
	at org.testng.SuiteRunner.runTest(SuiteRunner.java:387)
	at org.testng.SuiteRunner.runSequentially(SuiteRunner.java:382)
	at org.testng.SuiteRunner.privateRun(SuiteRunner.java:340)
	at org.testng.SuiteRunner.run(SuiteRunner.java:289)
	at org.testng.SuiteRunnerWorker.runSuite(SuiteRunnerWorker.java:52)
	at org.testng.SuiteRunnerWorker.run(SuiteRunnerWorker.java:86)
	at org.testng.TestNG.runSuitesSequentially(TestNG.java:1293)
	at org.testng.TestNG.runSuitesLocally(TestNG.java:1218)
	at org.testng.TestNG.runSuites(TestNG.java:1133)
	at org.testng.TestNG.run(TestNG.java:1104)
	at org.testng.remote.AbstractRemoteTestNG.run(AbstractRemoteTestNG.java:132)
	at org.testng.remote.RemoteTestNG.initAndRun(RemoteTestNG.java:230)
	at org.testng.remote.RemoteTestNG.main(RemoteTestNG.java:76)
]]>
            </full-stacktrace>
          </exception> <!-- java.lang.AssertionError -->
          <reporter-output>
          </reporter-output>
        </test-method> <!-- searchData -->
        <test-method status="PASS" signature="closeDriver(org.testng.ITestResult)[pri:0, instance:com.ebay.pagesTest.FashionPageTest@6093dd95]" name="closeDriver" is-config="true" duration-ms="1132" started-at="2017-09-14T09:34:04Z" finished-at="2017-09-14T09:34:05Z">
          <params>
            <param index="0">
              <value>
                <![CDATA[[TestResult name=searchData status=FAILURE method=FashionPageTest.searchData(java.lang.String, java.lang.String)[pri:0, instance:com.ebay.pagesTest.FashionPageTest@6093dd95] output={null}]]]>
              </value>
            </param>
          </params>
          <reporter-output>
          </reporter-output>
        </test-method> <!-- closeDriver -->
      </class> <!-- com.ebay.pagesTest.FashionPageTest -->
      <class name="com.ebay.pagesTest.HomePageTest">
        <test-method status="PASS" signature="setDriver()[pri:0, instance:com.ebay.pagesTest.HomePageTest@6d4b1c02]" name="setDriver" is-config="true" duration-ms="5592" started-at="2017-09-14T09:32:55Z" finished-at="2017-09-14T09:33:01Z">
          <reporter-output>
          </reporter-output>
        </test-method> <!-- setDriver -->
        <test-method status="PASS" signature="search()[pri:0, instance:com.ebay.pagesTest.HomePageTest@6d4b1c02]" name="search" duration-ms="15100" started-at="2017-09-14T09:33:01Z" finished-at="2017-09-14T09:33:16Z">
          <reporter-output>
          </reporter-output>
        </test-method> <!-- search -->
        <test-method status="PASS" signature="closeDriver(org.testng.ITestResult)[pri:0, instance:com.ebay.pagesTest.HomePageTest@6d4b1c02]" name="closeDriver" is-config="true" duration-ms="466" started-at="2017-09-14T09:33:16Z" finished-at="2017-09-14T09:33:16Z">
          <params>
            <param index="0">
              <value>
                <![CDATA[[TestResult name=search status=SUCCESS method=HomePageTest.search()[pri:0, instance:com.ebay.pagesTest.HomePageTest@6d4b1c02] output={null}]]]>
              </value>
            </param>
          </params>
          <reporter-output>
          </reporter-output>
        </test-method> <!-- closeDriver -->
      </class> <!-- com.ebay.pagesTest.HomePageTest -->
    </test> <!-- Test -->
  </suite> <!-- Suite -->
</testng-results>
